2018-Aug-05 02:06:00.950084 INFO    [daemon] avesta v2.0.2.2 ()
2018-Aug-05 02:06:00.950216 INFO    [daemon] Module folder: ./avestad
2018-Aug-05 02:06:00.950407 INFO    [RocksDBWrapper] Opening DB in /home/alpha/.avesta/DB
2018-Aug-05 02:06:00.950889 INFO    [RocksDBWrapper] DB not found in /home/alpha/.avesta/DB. Creating new DB...
2018-Aug-05 02:06:01.161195 INFO    [daemon] Initializing core...
2018-Aug-05 02:06:01.162467 INFO    [daemon] Core initialized OK
2018-Aug-05 02:06:01.162553 INFO    [daemon] Initializing p2p server...
2018-Aug-05 02:06:01.162690 INFO    [node_server] Generated new peer ID: 5560933468841834666
2018-Aug-05 02:06:01.162733 INFO    [node_server] Binding on 0.0.0.0:9921
2018-Aug-05 02:06:01.162790 INFO    [node_server] Net service binded on 0.0.0.0:9921
2018-Aug-05 02:06:01.162826 INFO    [node_server] Attempting to add IGD port mapping.
2018-Aug-05 02:06:05.167215 INFO    [node_server] No IGD was found.
2018-Aug-05 02:06:05.167325 INFO    [daemon] P2p server initialized OK
2018-Aug-05 02:06:05.167425 INFO    [daemon] Starting core rpc server on address 127.0.0.1:9971
2018-Aug-05 02:06:05.167501 INFO    [daemon] Core rpc server started ok
2018-Aug-05 02:06:05.167545 INFO    [daemon] Starting p2p net loop...
2018-Aug-05 02:06:05.167577 INFO    [node_server] Starting node_server
2018-Aug-05 02:06:25.467231 INFO    [protocol] [149.28.154.116:9923 OUT] Sync data returned unknown top block: 1 -> 2084574 [2084573 blocks (241 days) behind] 
2018-Aug-05 02:06:25.467231 INFO    [protocol] SYNCHRONIZATION started
2018-Aug-05 02:06:25.571185 INFO    [Core] Block d127b7e813adbb011a4e0fdb227e91c9ed79522a7ff5a084351e927623221138 added to main chain. Index: 100
2018-Aug-05 02:06:25.641290 INFO    [Core] Block 97e39a7198ff361133ddf615a3e345137978f4043c707847a9d2aa3afd73e964 added to main chain. Index: 200
2018-Aug-05 02:06:25.703805 INFO    [Core] Block 695ebb3a07745acf265f6dab68ce0b16401f539b47b9aab63dfffacd171a863a added to main chain. Index: 300
2018-Aug-05 02:06:25.777738 INFO    [Core] Block caa26ac20caca096b1164e55258ff76141b0007196bd5e5c09de3b6da7dc5920 added to main chain. Index: 400
2018-Aug-05 02:06:25.863342 INFO    [Core] Block df7a51d9f62a31fc04a351c501d0877a5cb75a4072bcd4e0dab4898e34ed8dce added to main chain. Index: 500
2018-Aug-05 02:06:25.900324 INFO    [protocol] [45.32.125.246:37701 INC] Sync data returned unknown top block: 506 -> 2084574 [2084068 blocks (241 days) behind] 
2018-Aug-05 02:06:25.900324 INFO    [protocol] SYNCHRONIZATION started
2018-Aug-05 02:06:25.935949 INFO    [Core] Block 45fe74b5553063df5968700cebcf41fe911d3dcae3973afda5558a9b0e1e4cc1 added to main chain. Index: 600
2018-Aug-05 02:06:25.996969 INFO    [Core] Block f9814f49e1a9e891fea1828ae1ae035021d7d4c8766269b3fa92d8b0fed9de96 added to main chain. Index: 700
2018-Aug-05 02:06:26.070554 INFO    [Core] Block 54b587c01916ec9b8a63f58b0655715b7cdbd21f1209e77e6c3ede078f51d15d added to main chain. Index: 800
2018-Aug-05 02:06:26.157667 INFO    [Core] Block 3b7a290810b5fff5cbdc02abf8e858e560138c8bc7f0b7858abd8a989e8a395d added to main chain. Index: 900
2018-Aug-05 02:06:26.310610 INFO    [checkpoints] CHECKPOINT PASSED FOR INDEX 1000 51cd17164582fdb5d88d74f8147fccf6a283974570c3de1b8437ed579eb8044f
2018-Aug-05 02:06:26.311049 INFO    [Core] Block 51cd17164582fdb5d88d74f8147fccf6a283974570c3de1b8437ed579eb8044f added to main chain. Index: 1000
2018-Aug-05 02:06:26.373465 INFO    [Core] Block e8202af5329d0ff314431a8e636b7502698648cd5e02da4259e38f8364593c9d added to main chain. Index: 1100
2018-Aug-05 02:06:26.462375 INFO    [Core] Block 6f4b99929c84ed7a02d1ec8a50357670890e14b7c89e894367ebb1c8d1f959ec added to main chain. Index: 1200
2018-Aug-05 02:06:26.479630 INFO    [protocol] [207.246.116.218:9923 OUT] Sync data returned unknown top block: 1247 -> 2084574 [2083327 blocks (241 days) behind] 
2018-Aug-05 02:06:26.479630 INFO    [protocol] SYNCHRONIZATION started
2018-Aug-05 02:06:26.538682 INFO    [Core] Block 9fe1d9d2ee827193bf246504e6f6ff085955e152c3ab7c6529ab9a542f4e3335 added to main chain. Index: 1300
2018-Aug-05 02:06:26.629415 INFO    [Core] Block 5cae070112bac3c2b4165194608c55f8397bb0ed671d1b26462ca0985ed08ab1 added to main chain. Index: 1400
2018-Aug-05 02:06:26.701454 INFO    [Core] Block 3d98565c2efdcb46e40c865d565bde346de6115d91d46b87ce65f329cf27afe2 added to main chain. Index: 1500
2018-Aug-05 02:06:26.775057 INFO    [Core] Block 6d161cf5d969d7187e169bfac67eb52e546d9d8ff17ea95e72f3b0bcbf03ffce added to main chain. Index: 1600
2018-Aug-05 02:06:26.850368 INFO    [Core] Block b2d1a13b9bd6ed4041e9d5bb5a5cce6475763fd52695dd6e425c55c9fa9c260a added to main chain. Index: 1700
2018-Aug-05 02:06:26.919684 INFO    [Core] Block 6524b239a0f53bcc58d3c8baf4ec45c6248e839ad748102f9b9f6bf4f31685bf added to main chain. Index: 1800
2018-Aug-05 02:06:27.004012 INFO    [Core] Block 8b56ca589d4f4da9740d51c062182cc97a3c92e9a9880af78e94480b70d7aa7e added to main chain. Index: 1900
2018-Aug-05 02:06:27.100668 INFO    [Core] Block 07cd8dc709f5c8c29913fc415f02b90f2f8a9aba224d4da54057440e11601aa8 added to main chain. Index: 2000
2018-Aug-05 02:06:27.156249 INFO    [protocol] [95.179.148.92:9921 OUT] Sync data returned unknown top block: 2099 -> 2084574 [2082475 blocks (241 days) behind] 
2018-Aug-05 02:06:27.156249 INFO    [protocol] SYNCHRONIZATION started
2018-Aug-05 02:06:27.163251 INFO    [Core] Block bd1bf09de33751ab474daca7ce907780ecaf86d2d7892f0c85f020e91c9410a6 added to main chain. Index: 2100
2018-Aug-05 02:06:27.227926 INFO    [Core] Block 6600d80c6a4b995c18b1d35029898138823fda4962a72f21a6a1027e613f95be added to main chain. Index: 2200
2018-Aug-05 02:06:27.305886 INFO    [Core] Block 056722473b24ff489ceaa371a2f4a0e575121d10154beae6bb03b8f7273be061 added to main chain. Index: 2300
2018-Aug-05 02:06:27.397201 INFO    [Core] Block 83f9e53caf1b19c2663f830fd13fe46a01f414f1822476006d274ecad2f77ba8 added to main chain. Index: 2400
2018-Aug-05 02:06:27.488108 INFO    [Core] Block 0774b786cb2b7cccacd0cd8263f05c05e327431deb6304bcc9dd92b0da3d7123 added to main chain. Index: 2500
2018-Aug-05 02:06:27.574387 INFO    [Core] Block d4d7afa2daf8950bf2cc63e216b55f0e84758b5ba5ac9c6cc097f6befceb896a added to main chain. Index: 2600
2018-Aug-05 02:06:27.636568 INFO    [Core] Block 48a551bbe4ec2d9a7aaf60f2bf1e23b95eea523bdb44c3ce2791be1dea22a1e9 added to main chain. Index: 2700
2018-Aug-05 02:06:27.706168 INFO    [Core] Block 1afc642b72ef156b2f0cce319da1fec00dc7a81f4e96239ae5fed2a993a22242 added to main chain. Index: 2800
2018-Aug-05 02:06:27.798436 INFO    [Core] Block 710464a8de7e474fa41c2981c9587c8476f81fd15b0f233bff4933b171895826 added to main chain. Index: 2900
2018-Aug-05 02:06:27.913395 INFO    [Core] Block 34579727974b75276b1e871e976e18c4c3c4e03b7b200f8eded577f784d8204e added to main chain. Index: 3000
2018-Aug-05 02:06:27.983320 INFO    [Core] Block a50df76751c92910e087d2b0af2ad542997b9934593ca359ca6cec79c3b08184 added to main chain. Index: 3100
2018-Aug-05 02:06:28.068123 INFO    [Core] Block 4f2b0144b96f68fcb318576b1b85c80239cfc7bc24b1104b34b8a49812b19826 added to main chain. Index: 3200
2018-Aug-05 02:06:28.151399 INFO    [Core] Block 4c4d95ed9321e7deed7771c78271dee406d35bf02567cb39f9a1bef757c0bb3e added to main chain. Index: 3300
2018-Aug-05 02:06:28.227647 INFO    [Core] Block 3d7644a65c0ac35f5da4b83dc8c38f8f008926acaab155f021184e990e7e3d05 added to main chain. Index: 3400
2018-Aug-05 02:06:28.298165 INFO    [Core] Block 02739716d1f9dba2e1667f554ce39c4475fa47120eb1d32d0323319baa3029f6 added to main chain. Index: 3500
2018-Aug-05 02:06:28.381008 INFO    [Core] Block 4c73b9102e6e7fb663b616634bfed0015903e6abfebaaf18a3c0b267cdcce62f added to main chain. Index: 3600
2018-Aug-05 02:06:28.475765 INFO    [Core] Block b362cd807ef1e0220ab1201a4ef5cc9f8e1327605a46c61b8f84d0aded70a3de added to main chain. Index: 3700
2018-Aug-05 02:06:28.543474 INFO    [Core] Block 33477e02193c11b4dee5fcc07d57ebe3f304e1dea1c2d98f346f9479025dc0cb added to main chain. Index: 3800
2018-Aug-05 02:06:28.614760 INFO    [Core] Block 4922904fb7694aa4490ab56fca568db598dbf0170dfa27e2500d4f182c4b879d added to main chain. Index: 3900
2018-Aug-05 02:06:28.717826 INFO    [Core] Block 7c11408ebe8690c4745c5e7ef1fbaf7fb51c356a09e310186bb5a6239a546f47 added to main chain. Index: 4000
2018-Aug-05 02:06:28.794383 INFO    [Core] Block 0c7a3bd7fa5a3c55c66c63c146fe55816d76f715a2e560d31df876a4090bca41 added to main chain. Index: 4100
2018-Aug-05 02:06:28.886037 INFO    [Core] Block 92f0f79ed69c0dbba0dcaf58a9be020f26f09fd3179d7088255e18af544321b3 added to main chain. Index: 4200
2018-Aug-05 02:06:28.967655 INFO    [Core] Block a68df7bd86db80c39357b75e44ded1996397daa5693fd1e363e6b6644c374c44 added to main chain. Index: 4300
2018-Aug-05 02:06:29.067330 INFO    [Core] Block 01b451b8f598b763467d3091069e1bded60cf79adafede1a9a545bf636bd51c1 added to main chain. Index: 4400
2018-Aug-05 02:06:29.142071 INFO    [Core] Block 1caeb01f60c693558e7260b3550df1d6239dcd5f45570b5cd58e69ec8683eae5 added to main chain. Index: 4500
2018-Aug-05 02:06:29.220469 INFO    [Core] Block 03549cfbb1e4d14e0185c32bc2513efef72bad3d594aa8130716a1640672a291 added to main chain. Index: 4600
2018-Aug-05 02:06:29.286062 INFO    [Core] Block b6d7319715200877dc02acd7a451b2e7bf009cee909fdc761a9afb636044d68d added to main chain. Index: 4700
2018-Aug-05 02:06:29.362002 INFO    [Core] Block b5dca01608b95e1c27f3cd430e959e81696675dbf3118f4472c7e1107cf4b202 added to main chain. Index: 4800
2018-Aug-05 02:06:29.451964 INFO    [Core] Block 6cf9734fe5ba9eb24d9d13ec552906735b7d3dd64c7bdb99d0f0bbf74b52fd58 added to main chain. Index: 4900
2018-Aug-05 02:06:29.548201 INFO    [checkpoints] CHECKPOINT PASSED FOR INDEX 5000 e3322f24c7592ec473d4653be2c41f884207e31ade3b5c0fa0b2414bf86ac644
2018-Aug-05 02:06:29.548556 INFO    [Core] Block e3322f24c7592ec473d4653be2c41f884207e31ade3b5c0fa0b2414bf86ac644 added to main chain. Index: 5000
2018-Aug-05 02:06:29.617915 INFO    [Core] Block 0666f09c4685a2d5c87441beb49a75e79c442ac15fb4938a442a31561db26529 added to main chain. Index: 5100
2018-Aug-05 02:06:29.696637 INFO    [Core] Block ecbcc8a11d17c008852c1e0f0def600d8acd679b0fa87618fa7302a6acc87ffc added to main chain. Index: 5200
2018-Aug-05 02:06:29.802589 INFO    [Core] Block a32aee3de885cde7328515b58dbe1ee9da4ce6ae99c4ba488679021639829273 added to main chain. Index: 5300
2018-Aug-05 02:06:30.040393 INFO    [Core] Block 841a43ecb7699ed757a557e1b53c4446b988c6ac63a3cdf083da49934c5a4875 added to main chain. Index: 5400
2018-Aug-05 02:06:32.328757 INFO    [Core] Block 9c22f84b4caa6e925216a38945af40f9686f0798f4e13d447d469b62f4ec4486 added to main chain. Index: 5500
2018-Aug-05 02:06:33.220584 INFO    [node_server] Stop signal sent
2018-Aug-05 02:06:33.256501 INFO    [node_server] Stopping NodeServer and it's4 connections...
2018-Aug-05 02:06:34.257055 INFO    [node_server] NodeServer loop stopped
2018-Aug-05 02:06:34.257165 INFO    [daemon] p2p net loop stopped
2018-Aug-05 02:06:34.257210 INFO    [daemon] Stopping core rpc server...
2018-Aug-05 02:06:34.257304 INFO    [daemon] Deinitializing p2p...
2018-Aug-05 02:06:34.258150 INFO    [RocksDBWrapper] Closing DB.
2018-Aug-05 02:06:34.634287 INFO    [daemon] Node stopped.
2018-Aug-05 02:09:58.737800 INFO    [daemon] avesta v2.0.2.2 ()
2018-Aug-05 02:09:58.737985 INFO    [daemon] Module folder: ./avestad
2018-Aug-05 02:09:58.738150 INFO    [RocksDBWrapper] Opening DB in /home/alpha/.avesta/DB
2018-Aug-05 02:09:58.749121 INFO    [RocksDBWrapper] DB opened in /home/alpha/.avesta/DB
2018-Aug-05 02:09:58.749999 INFO    [daemon] Initializing core...
2018-Aug-05 02:09:58.752500 INFO    [daemon] Core initialized OK
2018-Aug-05 02:09:58.752565 INFO    [daemon] Initializing p2p server...
2018-Aug-05 02:09:58.752714 INFO    [node_server] Binding on 0.0.0.0:9921
2018-Aug-05 02:09:58.752775 INFO    [node_server] Net service binded on 0.0.0.0:9921
2018-Aug-05 02:09:58.752810 INFO    [node_server] Attempting to add IGD port mapping.
2018-Aug-05 02:10:02.757206 INFO    [node_server] No IGD was found.
2018-Aug-05 02:10:02.757319 INFO    [daemon] P2p server initialized OK
2018-Aug-05 02:10:02.757420 INFO    [daemon] Starting core rpc server on address 127.0.0.1:9971
2018-Aug-05 02:10:02.757505 INFO    [daemon] Core rpc server started ok
2018-Aug-05 02:10:02.757552 INFO    [daemon] Starting p2p net loop...
2018-Aug-05 02:10:02.757596 INFO    [node_server] Starting node_server
2018-Aug-05 02:10:02.758370 INFO    [protocol] [95.179.148.92:53469 INC] Sync data returned unknown top block: 5528 -> 2084598 [2079070 blocks (240 days) behind] 
2018-Aug-05 02:10:02.758370 INFO    [protocol] SYNCHRONIZATION started
2018-Aug-05 02:10:02.759025 INFO    [protocol] [95.179.148.92:39899 INC] Sync data returned unknown top block: 5528 -> 2084598 [2079070 blocks (240 days) behind] 
2018-Aug-05 02:10:02.759025 INFO    [protocol] SYNCHRONIZATION started
2018-Aug-05 02:10:03.474695 INFO    [protocol] [95.179.148.92:9921 OUT] Sync data returned unknown top block: 5528 -> 2084598 [2079070 blocks (240 days) behind] 
2018-Aug-05 02:10:03.474695 INFO    [protocol] SYNCHRONIZATION started
2018-Aug-05 02:10:03.485516 INFO    [protocol] [149.28.154.116:9923 OUT] Sync data returned unknown top block: 5528 -> 2084598 [2079070 blocks (240 days) behind] 
2018-Aug-05 02:10:03.485516 INFO    [protocol] SYNCHRONIZATION started
2018-Aug-05 02:10:04.345980 INFO    [protocol] [202.151.178.88:42237 INC] Sync data returned unknown top block: 5544 -> 2084598 [2079054 blocks (240 days) behind] 
2018-Aug-05 02:10:04.345980 INFO    [protocol] SYNCHRONIZATION started
2018-Aug-05 02:10:04.844805 INFO    [protocol] [207.246.116.218:9923 OUT] Sync data returned unknown top block: 5558 -> 2084598 [2079040 blocks (240 days) behind] 
2018-Aug-05 02:10:04.844805 INFO    [protocol] SYNCHRONIZATION started
2018-Aug-05 02:10:06.308370 INFO    [Core] Block 1a4f59c49730d8c8556d7eaf1f694398b41145a4bee2e8711bec0f0b3b490fc0 added to main chain. Index: 5600
2018-Aug-05 02:10:06.344713 INFO    [protocol] [95.179.148.92:9922 OUT] Sync data returned unknown top block: 5602 -> 2084598 [2078996 blocks (240 days) behind] 
2018-Aug-05 02:10:06.344713 INFO    [protocol] SYNCHRONIZATION started
2018-Aug-05 02:10:06.538154 INFO    [protocol] [202.151.178.88:51396 INC] Sync data returned unknown top block: 5607 -> 2084598 [2078991 blocks (240 days) behind] 
2018-Aug-05 02:10:06.538154 INFO    [protocol] SYNCHRONIZATION started
2018-Aug-05 02:10:08.486032 INFO    [Core] Block f568810ff344be48435250b614ed1df13b7d34acf8ff421b622794d9119e166d added to main chain. Index: 5700
2018-Aug-05 02:10:08.596353 INFO    [Core] Block cb430e24fe56fe59386f738031ea58fdfd693df10d32cff7126ea25ba0eb5f98 added to main chain. Index: 5800
2018-Aug-05 02:10:08.663743 INFO    [Core] Block 95d6fe14d135f07ff242717940b9a1a434c79705baabfc331d7a60c7ea19c419 added to main chain. Index: 5900
2018-Aug-05 02:10:08.756576 INFO    [Core] Block 8964c96213fb58be21828cd5c950105a00b14f2bc8cd4fd153966ba01d07be09 added to main chain. Index: 6000
2018-Aug-05 02:10:08.849137 INFO    [Core] Block 40385f91b94baa48b5531c6d40cb971c1cc03acc32bc0538e31fac37b3b58356 added to main chain. Index: 6100
2018-Aug-05 02:10:08.934034 INFO    [Core] Block 8de13380d149b9e710c3641d6d20c9f9717586f7ec9d9a50f38fd39ae482b9f2 added to main chain. Index: 6200
2018-Aug-05 02:10:09.022594 INFO    [Core] Block 49142bc217d3f3160740d33c29c4e8adb4af659851ed64e578d7916855491b7c added to main chain. Index: 6300
2018-Aug-05 02:10:09.124996 INFO    [Core] Block cbe64899e10eb22ef2c618da25e55ca7d95e64317c8f7406062acb3714862c06 added to main chain. Index: 6400
2018-Aug-05 02:10:09.205078 INFO    [Core] Block efcae2e169cbabf149e666d0beac6a803682439c1b86de9d443ac3e69b416cd4 added to main chain. Index: 6500
2018-Aug-05 02:10:09.325441 INFO    [Core] Block 0a7c8e6890abe4a036358ce2a4a38a67de872f1c025c4482aa79100642e4ef6f added to main chain. Index: 6600
2018-Aug-05 02:10:09.405775 INFO    [Core] Block 0be4b55f30a1dc5add9f467a192cdb02d3ceffd60f38081c74b4185ebde844a1 added to main chain. Index: 6700
2018-Aug-05 02:10:09.507020 INFO    [Core] Block 70e08ef714f49f0393e2b2a444f6708747c6ce0b5cf8009613e6a67a7b5abb3a added to main chain. Index: 6800
2018-Aug-05 02:10:09.596666 INFO    [Core] Block 8cd47a07d831163ff28aca1d5f1d1ff80eb3173ebabea8a94787f9a69726f782 added to main chain. Index: 6900
2018-Aug-05 02:10:09.679276 INFO    [Core] Block 2d36c6270ded58b2b73087dccc77e9cd57d3f15c359aff4b6b184013d3b7a54d added to main chain. Index: 7000
2018-Aug-05 02:10:09.774535 INFO    [Core] Block f8545f8ec58b9d15308109a84f6613a4fd31c6e19d19bbe57209911cee180c7f added to main chain. Index: 7100
2018-Aug-05 02:10:09.854786 INFO    [Core] Block 17dbddc84a8d019610c8bfdbde7db33316a1915139873fd992b3e71577c8748e added to main chain. Index: 7200
2018-Aug-05 02:10:09.957550 INFO    [Core] Block 775e4c4e9803350d5ec890356623a4cfb1c042c3900d479c8561c5b6915c8453 added to main chain. Index: 7300
2018-Aug-05 02:10:10.058838 INFO    [Core] Block be46f10af6c51ccfbc1ccce9ccb6beb422dd4e3f55d3ae121e41b91bb3279b3f added to main chain. Index: 7400
2018-Aug-05 02:10:10.139489 INFO    [Core] Block d4a0c812374d52e2052683189129ae3c23fa08105cff4308c3178c646d85af1d added to main chain. Index: 7500
2018-Aug-05 02:10:10.276050 INFO    [Core] Block 39897e35c696e6293a3186928bcf3f58f5aeda3a949ef51d935be8ea83e3aafe added to main chain. Index: 7600
2018-Aug-05 02:10:10.344601 INFO    [Core] Block 8955585d98f4f7fdc99a4ec62ead78e0129c34a43107f18380197196cbf40271 added to main chain. Index: 7700
2018-Aug-05 02:10:10.432590 INFO    [Core] Block 227b78904fdef6d778c4513a7f2677c3a3b14306c94ceafef088cbb12ffb9f29 added to main chain. Index: 7800
2018-Aug-05 02:10:10.514000 INFO    [protocol] [207.246.116.218:59991 INC] Sync data returned unknown top block: 7862 -> 2084598 [2076736 blocks (240 days) behind] 
2018-Aug-05 02:10:10.514000 INFO    [protocol] SYNCHRONIZATION started
2018-Aug-05 02:10:10.530915 INFO    [Core] Block a6b22865535178da6429a4533c20f1849a87c861e6571d1fbf4883511e819673 added to main chain. Index: 7900
2018-Aug-05 02:10:10.611013 INFO    [Core] Block d8936958d864c57ab4dbc2e21ddbb42d41fca4f089d8d258cdc8330ee3ec0cb6 added to main chain. Index: 8000
2018-Aug-05 02:10:10.692387 INFO    [Core] Block 7e2d854cdda009505caebdd7cbcddcd34ef1cd1f9fd5b25229493fcbf24f0110 added to main chain. Index: 8100
2018-Aug-05 02:10:10.794890 INFO    [Core] Block 13881d902825fc203c2a2777961518e684a420584e284e1bd3c5b2a439154e4b added to main chain. Index: 8200
2018-Aug-05 02:10:10.877815 INFO    [Core] Block 42a6af043b41b1816e8a6e5c15ddd9087fc550984141ae71b4ac8886e54e5b87 added to main chain. Index: 8300
2018-Aug-05 02:10:10.971170 INFO    [Core] Block 3eb98c743f340eb7658f721f026e07a75b44af20a30e2a98901a143d3beeee42 added to main chain. Index: 8400
2018-Aug-05 02:10:11.055359 INFO    [Core] Block 4e3a5c432c1b9f8e4fbc4014bfea2de78b540fadf57f1885b0d6877bddb25038 added to main chain. Index: 8500
2018-Aug-05 02:10:11.179890 INFO    [Core] Block 95b1912807e2aa6e521c5eefb7e4aa62c180f5be972818d5df7d67bb4bd0d209 added to main chain. Index: 8600
2018-Aug-05 02:10:11.263373 INFO    [Core] Block b54360f06ad541dbcca43e3567728af96ec52ad23907adeb894b246ee1be302c added to main chain. Index: 8700
2018-Aug-05 02:10:11.350070 INFO    [Core] Block 488361b994beb4d357e714380a242d6388e666448dc7e82d3371594373143b89 added to main chain. Index: 8800
2018-Aug-05 02:10:11.459711 INFO    [Core] Block 53d31dd65750c0ae29342e6a95613e45bfec003189cee117bb3a21481eb47801 added to main chain. Index: 8900
2018-Aug-05 02:10:11.511716 INFO    [protocol] [149.28.154.116:9922 OUT] Sync data returned unknown top block: 8934 -> 2084598 [2075664 blocks (240 days) behind] 
2018-Aug-05 02:10:11.511716 INFO    [protocol] SYNCHRONIZATION started
2018-Aug-05 02:10:11.541799 INFO    [Core] Block 0aea9b413cec3b281c90c6800bb4004ab90869789ee5f903503c34ae9d9b7bbd added to main chain. Index: 9000
2018-Aug-05 02:10:11.614614 INFO    [Core] Block 5bda70766ecde1d4faff5955b749fe100d8dd63e8b1df9db8562a81bfcf285c0 added to main chain. Index: 9100
2018-Aug-05 02:10:11.688271 INFO    [Core] Block 7744d1d4ecb0f614046da463d014452ffd4c3ea9c8a38f74022180c3aca512fb added to main chain. Index: 9200
2018-Aug-05 02:10:11.761928 INFO    [Core] Block 7d9e604731984868728823e84f0db09400b9d50fffd31eb625222f22980d781a added to main chain. Index: 9300
2018-Aug-05 02:10:11.832934 INFO    [Core] Block dea7103d9899917fec4361be66e002b5eaf3d00174ea893a70e0a17bd0b401ee added to main chain. Index: 9400
2018-Aug-05 02:10:11.908350 INFO    [protocol] [171.100.118.106:39503 INC] Sync data returned unknown top block: 9497 -> 2084598 [2075101 blocks (240 days) behind] 
2018-Aug-05 02:10:11.908350 INFO    [protocol] SYNCHRONIZATION started
2018-Aug-05 02:10:11.910488 INFO    [Core] Block 5339379c64fea22896ca83903c9e8cd6d4e51cd4204226a864751b18304c34ee added to main chain. Index: 9500
2018-Aug-05 02:10:12.035932 INFO    [Core] Block b926f6c5c7f427f92cccd8c4c42f9d70f48645d254a5efa59b79c015aaba50b6 added to main chain. Index: 9600
2018-Aug-05 02:10:12.110351 INFO    [Core] Block 01d6d83c62e0e51204e6cae03af559ed68780351b37fe59e50d3ee7614754c3f added to main chain. Index: 9700
2018-Aug-05 02:10:12.197548 INFO    [Core] Block 93b578d034c3d0598f0ea534db1811cd3aa7e16ed701f4c84e344e05502ccefc added to main chain. Index: 9800
2018-Aug-05 02:10:12.305054 INFO    [Core] Block 8523e0b0cdcb5a673dfa750cd3cd494d2dc5bab9fe9bc4ea11e33b9266cc657a added to main chain. Index: 9900
2018-Aug-05 02:10:12.380467 INFO    [checkpoints] CHECKPOINT PASSED FOR INDEX 10000 ead063e67bbdd56524d3958728f06e965ea2f3f76543c7a87d374ac43637edfb
2018-Aug-05 02:10:12.380887 INFO    [Core] Block ead063e67bbdd56524d3958728f06e965ea2f3f76543c7a87d374ac43637edfb added to main chain. Index: 10000
2018-Aug-05 02:10:12.473325 INFO    [Core] Block 28efa596a81c5b3bbef71715409fd2522a98f1e502ead9f563bab7a855839e7e added to main chain. Index: 10100
2018-Aug-05 02:10:12.567651 INFO    [Core] Block 97d3ad6a449e51ea532037c8069f96f1f6c5fa423d483fabfa69c962beb94588 added to main chain. Index: 10200
2018-Aug-05 02:10:12.655088 INFO    [Core] Block 1f8232b6dc7f0c7d41ae6992251e18701f63c705983581a03b8d470e7d42ad36 added to main chain. Index: 10300
2018-Aug-05 02:10:12.752154 INFO    [Core] Block 820bfd572443f56c0704771cde251d374f38fcb767f11ef0efeb695861cf49e3 added to main chain. Index: 10400
2018-Aug-05 02:10:12.844595 INFO    [Core] Block 77bf87e14d79a491c11166c4e04cffe6143feabc36df030eb146ac1be2bd3cb4 added to main chain. Index: 10500
2018-Aug-05 02:10:12.957565 INFO    [Core] Block 0513f1aaea35be1e543d7e6e68d6174cd1424fba444a21cb3d9caac3159dbcd2 added to main chain. Index: 10600
2018-Aug-05 02:10:13.031764 INFO    [Core] Block a53bd96557b9ba28a82776bb92b214929d6e2ed5beb0dbba230ed2ebfc45ddbe added to main chain. Index: 10700
2018-Aug-05 02:10:13.119025 INFO    [Core] Block d7f2f2737feeb195049bfbdd5ee4e4cdd04efc3d35090aaa7a750d90fe139e2c added to main chain. Index: 10800
2018-Aug-05 02:10:13.226919 INFO    [Core] Block f0631a6ec4cde5236f20a45f2707ccd29f19eab8308210634960337fb274a7a4 added to main chain. Index: 10900
2018-Aug-05 02:10:13.322292 INFO    [Core] Block c1fe2778e73775d8a555c73fcfc4e184fa0d1de7094a1563335993892d8a6602 added to main chain. Index: 11000
2018-Aug-05 02:10:13.411582 INFO    [Core] Block 119f3eec6ff5714f31b65dd1ff934026f1b094e38d6eec5861cdf0af8078fc54 added to main chain. Index: 11100
2018-Aug-05 02:10:13.514524 INFO    [Core] Block ea9e947eb24d602fb3e350e7a0fe28fd7288703ca760e8d76066566f052eda23 added to main chain. Index: 11200
2018-Aug-05 02:10:13.591455 INFO    [Core] Block 15bff6329d988fd936de0a53317439d6394e14cc1d904297dd3ab6115525e661 added to main chain. Index: 11300
2018-Aug-05 02:10:13.683605 INFO    [Core] Block 82d66af1a7d5935cc14accb1e3ec02c3cde24d8d42bf4032d12add8a0d8a16e0 added to main chain. Index: 11400
2018-Aug-05 02:10:13.773738 INFO    [Core] Block 36d7e47752e5ce552e649c8c25f2a727a1e4ffdcdece4514e23d612c2ae1d2ac added to main chain. Index: 11500
2018-Aug-05 02:10:13.887256 INFO    [Core] Block 3115e2c814cd992db43389db19edc76caa8be284b72a8acea2de241c7a521f6c added to main chain. Index: 11600
2018-Aug-05 02:10:13.956774 INFO    [Core] Block fc40e8cb4e1694746955edbcc92f83bfad1f6c5ab7b533e082d4055b4c112605 added to main chain. Index: 11700
2018-Aug-05 02:10:14.052825 INFO    [Core] Block 7b5bd55d11ff552e70c65178a2ebd94228245b7710a78c7a4cd2998827df2c80 added to main chain. Index: 11800
2018-Aug-05 02:10:14.150387 INFO    [Core] Block 50b18b120fb2e8b1a717a0d665079f332d58d154456e284f462aa61b50cdea6b added to main chain. Index: 11900
2018-Aug-05 02:10:14.220114 INFO    [Core] Block 76a85c446a3546060df87866cada7d754beb18805fa47629e8a86db28c3c67bb added to main chain. Index: 12000
2018-Aug-05 02:10:14.294632 INFO    [Core] Block 337f64396e0f79c85fef356244c45ece2d5bd318e400d9cb066b7ccbdddb9631 added to main chain. Index: 12100
2018-Aug-05 02:10:14.370745 INFO    [Core] Block 0f8d87c225a00e63cc28e9418b13ea860b8f687e08fa2535c065855b0ac1d0c0 added to main chain. Index: 12200
2018-Aug-05 02:10:14.476485 INFO    [Core] Block 326f7dc9ddb6e405bf31e94ee8d06e7f5eef7eec87e8e800d0b13c0ce3a05858 added to main chain. Index: 12300
2018-Aug-05 02:10:14.553530 INFO    [Core] Block 134f42ae084ba7e3eabf8123745de4f9517a5b1e13b9bb1550ada5ee0f808a4d added to main chain. Index: 12400
2018-Aug-05 02:10:14.645220 INFO    [Core] Block aa705373eff80a20551027e8d543bde67365028f790f8f406d8f7f91607fa015 added to main chain. Index: 12500
2018-Aug-05 02:10:14.756728 INFO    [Core] Block a9f3afa84b1a2778dcfab8b6d6746ec0a8611f3c9aeb49bedd185d4defd0a2e2 added to main chain. Index: 12600
2018-Aug-05 02:10:14.819785 INFO    [Core] Block f76ae255aa8c801ac349d48ce2f20403a05917d339a395ad66275422ae5594bd added to main chain. Index: 12700
2018-Aug-05 02:10:14.905342 INFO    [Core] Block ea6e81eb02f9d4c5f937875df25871208aa17116d768d512501af30b2fac85f5 added to main chain. Index: 12800
2018-Aug-05 02:10:14.992581 INFO    [Core] Block d7c114cb6d97b93dbc3e1a4645beb7e6a89fd567c5367516556b91ffc41f3a2d added to main chain. Index: 12900
2018-Aug-05 02:10:15.085537 INFO    [Core] Block 11a4b70f5f84a24ebc4fda56d322b6ab83c757d1873abb904afb16459208c60c added to main chain. Index: 13000
2018-Aug-05 02:10:15.166560 INFO    [Core] Block 5c2021eb311c191c3352c6531770de05dee8264d1e58516c5d3e34b76e4a4582 added to main chain. Index: 13100
2018-Aug-05 02:10:15.262297 INFO    [Core] Block 41f1a8097deabf051859eb6e5f9a4c9418d240aa208bdf73a178cec34966a65f added to main chain. Index: 13200
2018-Aug-05 02:10:15.361553 INFO    [Core] Block 1f7112c0fa7267cb7d6d6a7d56c771ec416f5506a0b5d473d81fe9eaf929863d added to main chain. Index: 13300
2018-Aug-05 02:10:15.442399 INFO    [Core] Block 1d758c5f331b3bafa6025f5851c83d6f9fd396e4dc55473721556d2110457e50 added to main chain. Index: 13400
2018-Aug-05 02:10:15.530314 INFO    [Core] Block b1d8b71cfa6e67487c9fc3738fddb0f3b7ca7f2de7d9ebd71889d2dd38917e0e added to main chain. Index: 13500
2018-Aug-05 02:10:15.638057 INFO    [Core] Block 2e017c074be8aa56d402805be082a0059ad8797bbad3f933151fd5c8ce3ab9fa added to main chain. Index: 13600
2018-Aug-05 02:10:15.709428 INFO    [Core] Block d58efe10afe5fa8f8987273cc53016b329430554325c593e270b3af83799d5bf added to main chain. Index: 13700
2018-Aug-05 02:10:15.791403 INFO    [Core] Block 1ee0d8970fdc8e95f509f2daebcabebff9fb5b11ee53c2b1eb0c3debe7a7b581 added to main chain. Index: 13800
2018-Aug-05 02:10:15.872236 INFO    [Core] Block 3cd017610c0d049eeb5e894e95d700451860ac43969b1c5442eaeeb11fd5670f added to main chain. Index: 13900
2018-Aug-05 02:10:15.969949 INFO    [Core] Block a6267f0f489a269d1f52ae233a7b9439857bd522f25fff2785413c6096971278 added to main chain. Index: 14000
2018-Aug-05 02:10:16.041653 INFO    [Core] Block 5a15d730605ed0118080a011087306f83e2a0a7c922f3ebb615bfcdc35c92593 added to main chain. Index: 14100
2018-Aug-05 02:10:16.140449 INFO    [Core] Block 4d774a5794a0ebf1c58e4bc6bec1775dcb9a7b050f11115e6d7c5ab9b9363fe5 added to main chain. Index: 14200
2018-Aug-05 02:10:16.238611 INFO    [Core] Block 3228c98a4cccf1a678e2540434edee0a82e4d8dd3032d0b92cc63f1c515dc714 added to main chain. Index: 14300
2018-Aug-05 02:10:16.317770 INFO    [Core] Block 4620aa2224223ba506c9113742c0ed4b0d50e103129c223b10dc8759e209989a added to main chain. Index: 14400
2018-Aug-05 02:10:16.415038 INFO    [Core] Block 83f6fef07af9b68bada6cf60e6e651d4d8086eebf2ed224f91ee9c56fe0e3314 added to main chain. Index: 14500
2018-Aug-05 02:10:16.537335 INFO    [Core] Block cefaa88402955ff618b662ddc9e5e3b288c488b1546a1757784f15720ade14c3 added to main chain. Index: 14600
2018-Aug-05 02:10:16.554107 INFO    [protocol] [45.32.125.246:9923 OUT] Sync data returned unknown top block: 14619 -> 2084598 [2069979 blocks (239 days) behind] 
2018-Aug-05 02:10:16.554107 INFO    [protocol] SYNCHRONIZATION started
2018-Aug-05 02:10:16.609714 INFO    [Core] Block 79762d8dc4ca89ba5a14d089698b940d74497c0cae5856032524abd6d9c2d2a5 added to main chain. Index: 14700
2018-Aug-05 02:10:16.680462 INFO    [Core] Block 0888d1e7c63d920bcc4a62f0e7b75c412766a2855130ab2469bc7f6d686ed2d7 added to main chain. Index: 14800
2018-Aug-05 02:10:16.758355 INFO    [Core] Block a173d3427b8f17334c1748b52b9587954a60df51b2c49deac301b50eaa276e5b added to main chain. Index: 14900
2018-Aug-05 02:10:16.849348 INFO    [checkpoints] CHECKPOINT PASSED FOR INDEX 15000 394db4adadac8b8252fb4df2a115d7489c3bcba5983afa694515c2a936a9eb31
2018-Aug-05 02:10:16.849708 INFO    [Core] Block 394db4adadac8b8252fb4df2a115d7489c3bcba5983afa694515c2a936a9eb31 added to main chain. Index: 15000
2018-Aug-05 02:10:16.953245 INFO    [Core] Block ad09b576431f7d4804a663b7cf024c2dd1d28d074824c4ab0852402034a00958 added to main chain. Index: 15100
2018-Aug-05 02:10:17.039755 INFO    [Core] Block 410ffa344af7f04e9a95d51fe4616a73e92ea5f4b3c435a404efd1548b60a657 added to main chain. Index: 15200
2018-Aug-05 02:10:17.132609 INFO    [Core] Block 3c86107c7158a144652ebdb3e854fd628b4dcbc2bdab8107c09ce0b569bb86da added to main chain. Index: 15300
2018-Aug-05 02:10:17.208854 INFO    [Core] Block 2af70535eb7d0e7d569edd8ec05421301fd6c5751197c925eb9985f8c1cfa371 added to main chain. Index: 15400
2018-Aug-05 02:10:17.300467 INFO    [Core] Block 004a06aac335ea4982d1f199cd361463429a29bbd448e734d83b9117326dea83 added to main chain. Index: 15500
2018-Aug-05 02:10:17.423205 INFO    [Core] Block 6406733978c334bf3db655011e76ecdc2cab9dfc7f4a20bb5f01322600102130 added to main chain. Index: 15600
2018-Aug-05 02:10:17.498830 INFO    [Core] Block 1f887ce86ef2ccda11678310c7e9598ddd5a5c1a1cd37ce529432cdc0de4cf9b added to main chain. Index: 15700
2018-Aug-05 02:10:17.579308 INFO    [Core] Block 53c53e85cb6b638dd4d78033f9669f0b2c4ec546954bf2420ffe50b6fd068480 added to main chain. Index: 15800
2018-Aug-05 02:10:17.662896 INFO    [Core] Block 27f444b268fceab10d66b7ce1f4e81ae94036e4b8ae8ae980b177a7d54ad2c01 added to main chain. Index: 15900
2018-Aug-05 02:10:17.756504 INFO    [Core] Block 98c455f28aa46305f80d072827cfc7bd875be3e05d621cc67f3b8acc317cfafb added to main chain. Index: 16000
2018-Aug-05 02:10:17.855231 INFO    [Core] Block a9c2b97895c31a756b5296f506614a95465a05ff79f351aca4ef89f1c20fd680 added to main chain. Index: 16100
2018-Aug-05 02:10:17.933595 INFO    [Core] Block dced1224f4b92293a6cca451dd3f484c26e1cc9bd6519b944855c825498acb9a added to main chain. Index: 16200
2018-Aug-05 02:10:17.995870 INFO    [Core] Block a12f0b45a95bdd9d10bbff2081ad05fa27f3c80fb5c23eb8ef99666e36e66621 added to main chain. Index: 16300
2018-Aug-05 02:10:18.076419 INFO    [Core] Block d25f8e21d856ae4a4749fef164aeba2389b4bab1495c8329a47230d080198ae8 added to main chain. Index: 16400
2018-Aug-05 02:10:18.158440 INFO    [Core] Block 5ecc393a83b7a2328da6c37bffd47044bbf56ee34d513939fb8d4d0e40c207ba added to main chain. Index: 16500
2018-Aug-05 02:10:18.255732 INFO    [Core] Block a7348964a9b8bb64695127895427cd087e0fdaf538272d8eeecc4426b6161e5b added to main chain. Index: 16600
2018-Aug-05 02:10:18.360698 INFO    [Core] Block bb7b3e4f6d91281229297021fa67f48013ae4ff02a5b5df370f2c1ac90b43239 added to main chain. Index: 16700
2018-Aug-05 02:10:18.438594 INFO    [Core] Block f88d3796edb758338120897b62fd9d83e6cc6526ef37b7cde6e3617427a4dc52 added to main chain. Index: 16800
2018-Aug-05 02:10:18.541443 INFO    [Core] Block 9b3a0fcea4a181e1dfcfb92521f43f74af1c6833a1c02dcaef0cdd950ecc2808 added to main chain. Index: 16900
2018-Aug-05 02:10:18.631267 INFO    [Core] Block caa955be1e0f8067d2d7804ddf433643ce0daee297ccf48653f085500e0a5aaf added to main chain. Index: 17000
2018-Aug-05 02:10:18.728874 INFO    [Core] Block c9bced40883fa70b5236f3674484dc33c52b7a02b12daf71e97054f3f98cabb8 added to main chain. Index: 17100
2018-Aug-05 02:10:18.811376 INFO    [Core] Block df0ca6ab2722d7018719f3938c79db1fa71e3c2482e49135657f5d451254df46 added to main chain. Index: 17200
2018-Aug-05 02:10:18.879726 INFO    [node_server] Stop signal sent
2018-Aug-05 02:10:18.880155 INFO    [node_server] Stopping NodeServer and it's12 connections...
2018-Aug-05 02:10:19.880784 INFO    [node_server] NodeServer loop stopped
2018-Aug-05 02:10:19.880899 INFO    [daemon] p2p net loop stopped
2018-Aug-05 02:10:19.880945 INFO    [daemon] Stopping core rpc server...
2018-Aug-05 02:10:19.881018 INFO    [daemon] Deinitializing p2p...
2018-Aug-05 02:10:19.882137 INFO    [RocksDBWrapper] Closing DB.
2018-Aug-05 02:10:20.506407 INFO    [daemon] Node stopped.
